2014/07/23 14:30:39 [error] [exception.CDbException] exception 'CDbException' with message 'CDbConnection failed to open the DB connection: SQLSTATE[HY000] [1045] Access denied for user 'root'@'localhost' (using password: NO)' in F:\Vanser\project\WebBase\Van_Framework\framework\db\CDbConnection.php:399
Stack trace:
#0 F:\Vanser\project\WebBase\Van_Framework\framework\db\CDbConnection.php(347): CDbConnection->open()
#1 F:\Vanser\project\WebBase\Van_Framework\framework\db\CDbConnection.php(325): CDbConnection->setActive(true)
#2 F:\Vanser\project\WebBase\Van_Framework\framework\base\CModule.php(393): CDbConnection->init()
#3 F:\Vanser\project\WebBase\Van_Framework\framework\base\CModule.php(103): CModule->getComponent('db')
#4 F:\Vanser\project\WebBase\Van_Framework\framework\gii\generators\model\ModelCode.php(60): CModule->__get('db')
#5 F:\Vanser\project\WebBase\Van_Framework\framework\web\CFormModel.php(39): ModelCode->init()
#6 F:\Vanser\project\WebBase\Van_Framework\framework\gii\CCodeGenerator.php(153): CFormModel->__construct()
#7 F:\Vanser\project\WebBase\Van_Framework\framework\gii\CCodeGenerator.php(63): CCodeGenerator->prepare()
#8 F:\Vanser\project\WebBase\Van_Framework\framework\web\actions\CInlineAction.php(49): CCodeGenerator->actionIndex()
#9 F:\Vanser\project\WebBase\Van_Framework\framework\web\CController.php(308): CInlineAction->runWithParams(Array)
#10 F:\Vanser\project\WebBase\Van_Framework\framework\web\CController.php(286): CController->runAction(Object(CInlineAction))
#11 F:\Vanser\project\WebBase\Van_Framework\framework\web\CController.php(265): CController->runActionWithFilters(Object(CInlineAction), Array)
#12 F:\Vanser\project\WebBase\Van_Framework\framework\web\CWebApplication.php(282): CController->run('index')
#13 F:\Vanser\project\WebBase\Van_Framework\framework\web\CWebApplication.php(141): CWebApplication->runController('gii/model/index')
#14 F:\Vanser\project\WebBase\Van_Framework\framework\base\CApplication.php(184): CWebApplication->processRequest()
#15 F:\Vanser\project\WebBase\Base_site\admin.php(13): CApplication->run()
#16 {main}
REQUEST_URI=/admin.php/gii/model/index
HTTP_REFERER=http://www.basesite.com/admin.php/gii
---
2014/07/23 14:34:01 [error] [exception.CHttpException.404] exception 'CHttpException' with message 'Unable to resolve the request "site/login".' in F:\Vanser\project\WebBase\Van_Framework\framework\web\CWebApplication.php:286
Stack trace:
#0 F:\Vanser\project\WebBase\Van_Framework\framework\web\CWebApplication.php(141): CWebApplication->runController('site/login')
#1 F:\Vanser\project\WebBase\Van_Framework\framework\base\CApplication.php(184): CWebApplication->processRequest()
#2 F:\Vanser\project\WebBase\Base_site\admin.php(13): CApplication->run()
#3 {main}
REQUEST_URI=/admin.php/site/login
HTTP_REFERER=http://www.basesite.com/admin.php/
---
2014/07/23 14:35:36 [error] [exception.CException] exception 'CException' with message 'Property "LoginController._theme" is not defined.' in F:\Vanser\project\WebBase\Van_Framework\framework\base\CComponent.php:130
Stack trace:
#0 F:\Vanser\project\WebBase\Base_site\protected\admin\views\layouts\header.php(15): CComponent->__get('_theme')
#1 F:\Vanser\project\WebBase\Van_Framework\framework\web\CBaseController.php(126): require('F:\Vanser\proje...')
#2 F:\Vanser\project\WebBase\Van_Framework\framework\web\CBaseController.php(95): CBaseController->renderInternal('F:\Vanser\proje...', Array, true)
#3 F:\Vanser\project\WebBase\Van_Framework\framework\web\widgets\CContentDecorator.php(76): CBaseController->renderFile('F:\Vanser\proje...', Array, true)
#4 F:\Vanser\project\WebBase\Van_Framework\framework\web\widgets\CContentDecorator.php(54): CContentDecorator->decorate(' ??')
#5 F:\Vanser\project\WebBase\Van_Framework\framework\web\widgets\COutputProcessor.php(44): CContentDecorator->processOutput(' ??')
#6 F:\Vanser\project\WebBase\Van_Framework\framework\web\CBaseController.php(214): COutputProcessor->run()
#7 F:\Vanser\project\WebBase\Van_Framework\framework\web\CBaseController.php(308): CBaseController->endWidget('CContentDecorat...')
#8 F:\Vanser\project\WebBase\Base_site\protected\admin\views\layouts\main.php(2): CBaseController->endContent()
#9 F:\Vanser\project\WebBase\Van_Framework\framework\web\CBaseController.php(126): require('F:\Vanser\proje...')
#10 F:\Vanser\project\WebBase\Van_Framework\framework\web\CBaseController.php(95): CBaseController->renderInternal('F:\Vanser\proje...', Array, true)
#11 F:\Vanser\project\WebBase\Van_Framework\framework\web\widgets\CContentDecorator.php(76): CBaseController->renderFile('F:\Vanser\proje...', Array, true)
#12 F:\Vanser\project\WebBase\Van_Framework\framework\web\widgets\CContentDecorator.php(54): CContentDecorator->decorate('<div id="conten...')
#13 F:\Vanser\project\WebBase\Van_Framework\framework\web\widgets\COutputProcessor.php(44): CContentDecorator->processOutput('<div id="conten...')
#14 F:\Vanser\project\WebBase\Van_Framework\framework\web\CBaseController.php(214): COutputProcessor->run()
#15 F:\Vanser\project\WebBase\Van_Framework\framework\web\CBaseController.php(308): CBaseController->endWidget('CContentDecorat...')
#16 F:\Vanser\project\WebBase\Base_site\protected\admin\views\layouts\column1.php(6): CBaseController->endContent()
#17 F:\Vanser\project\WebBase\Van_Framework\framework\web\CBaseController.php(126): require('F:\Vanser\proje...')
#18 F:\Vanser\project\WebBase\Van_Framework\framework\web\CBaseController.php(95): CBaseController->renderInternal('F:\Vanser\proje...', Array, true)
#19 F:\Vanser\project\WebBase\Van_Framework\framework\web\CController.php(784): CBaseController->renderFile('F:\Vanser\proje...', Array, true)
#20 F:\Vanser\project\WebBase\Base_site\protected\admin\controllers\LoginController.php(7): CController->render('index')
#21 F:\Vanser\project\WebBase\Van_Framework\framework\web\actions\CInlineAction.php(49): LoginController->actionIndex()
#22 F:\Vanser\project\WebBase\Van_Framework\framework\web\CController.php(308): CInlineAction->runWithParams(Array)
#23 F:\Vanser\project\WebBase\Van_Framework\framework\web\CController.php(286): CController->runAction(Object(CInlineAction))
#24 F:\Vanser\project\WebBase\Van_Framework\framework\web\CController.php(265): CController->runActionWithFilters(Object(CInlineAction), Array)
#25 F:\Vanser\project\WebBase\Van_Framework\framework\web\CWebApplication.php(282): CController->run('')
#26 F:\Vanser\project\WebBase\Van_Framework\framework\web\CWebApplication.php(141): CWebApplication->runController('')
#27 F:\Vanser\project\WebBase\Van_Framework\framework\base\CApplication.php(184): CWebApplication->processRequest()
#28 F:\Vanser\project\WebBase\Base_site\admin.php(13): CApplication->run()
#29 {main}
REQUEST_URI=/admin.php/
---
2014/07/23 14:36:34 [error] [exception.CException] exception 'CException' with message 'Property "LoginController._theme" is not defined.' in F:\Vanser\project\WebBase\Van_Framework\framework\base\CComponent.php:130
Stack trace:
#0 F:\Vanser\project\WebBase\Base_site\protected\admin\views\layouts\header.php(15): CComponent->__get('_theme')
#1 F:\Vanser\project\WebBase\Van_Framework\framework\web\CBaseController.php(126): require('F:\Vanser\proje...')
#2 F:\Vanser\project\WebBase\Van_Framework\framework\web\CBaseController.php(95): CBaseController->renderInternal('F:\Vanser\proje...', Array, true)
#3 F:\Vanser\project\WebBase\Van_Framework\framework\web\widgets\CContentDecorator.php(76): CBaseController->renderFile('F:\Vanser\proje...', Array, true)
#4 F:\Vanser\project\WebBase\Van_Framework\framework\web\widgets\CContentDecorator.php(54): CContentDecorator->decorate(' ??')
#5 F:\Vanser\project\WebBase\Van_Framework\framework\web\widgets\COutputProcessor.php(44): CContentDecorator->processOutput(' ??')
#6 F:\Vanser\project\WebBase\Van_Framework\framework\web\CBaseController.php(214): COutputProcessor->run()
#7 F:\Vanser\project\WebBase\Van_Framework\framework\web\CBaseController.php(308): CBaseController->endWidget('CContentDecorat...')
#8 F:\Vanser\project\WebBase\Base_site\protected\admin\views\layouts\main.php(2): CBaseController->endContent()
#9 F:\Vanser\project\WebBase\Van_Framework\framework\web\CBaseController.php(126): require('F:\Vanser\proje...')
#10 F:\Vanser\project\WebBase\Van_Framework\framework\web\CBaseController.php(95): CBaseController->renderInternal('F:\Vanser\proje...', Array, true)
#11 F:\Vanser\project\WebBase\Van_Framework\framework\web\widgets\CContentDecorator.php(76): CBaseController->renderFile('F:\Vanser\proje...', Array, true)
#12 F:\Vanser\project\WebBase\Van_Framework\framework\web\widgets\CContentDecorator.php(54): CContentDecorator->decorate('<div id="conten...')
#13 F:\Vanser\project\WebBase\Van_Framework\framework\web\widgets\COutputProcessor.php(44): CContentDecorator->processOutput('<div id="conten...')
#14 F:\Vanser\project\WebBase\Van_Framework\framework\web\CBaseController.php(214): COutputProcessor->run()
#15 F:\Vanser\project\WebBase\Van_Framework\framework\web\CBaseController.php(308): CBaseController->endWidget('CContentDecorat...')
#16 F:\Vanser\project\WebBase\Base_site\protected\admin\views\layouts\column1.php(6): CBaseController->endContent()
#17 F:\Vanser\project\WebBase\Van_Framework\framework\web\CBaseController.php(126): require('F:\Vanser\proje...')
#18 F:\Vanser\project\WebBase\Van_Framework\framework\web\CBaseController.php(95): CBaseController->renderInternal('F:\Vanser\proje...', Array, true)
#19 F:\Vanser\project\WebBase\Van_Framework\framework\web\CController.php(784): CBaseController->renderFile('F:\Vanser\proje...', Array, true)
#20 F:\Vanser\project\WebBase\Base_site\protected\admin\controllers\LoginController.php(7): CController->render('index')
#21 F:\Vanser\project\WebBase\Van_Framework\framework\web\actions\CInlineAction.php(49): LoginController->actionIndex()
#22 F:\Vanser\project\WebBase\Van_Framework\framework\web\CController.php(308): CInlineAction->runWithParams(Array)
#23 F:\Vanser\project\WebBase\Van_Framework\framework\web\CController.php(286): CController->runAction(Object(CInlineAction))
#24 F:\Vanser\project\WebBase\Van_Framework\framework\web\CController.php(265): CController->runActionWithFilters(Object(CInlineAction), Array)
#25 F:\Vanser\project\WebBase\Van_Framework\framework\web\CWebApplication.php(282): CController->run('')
#26 F:\Vanser\project\WebBase\Van_Framework\framework\web\CWebApplication.php(141): CWebApplication->runController('')
#27 F:\Vanser\project\WebBase\Van_Framework\framework\base\CApplication.php(184): CWebApplication->processRequest()
#28 F:\Vanser\project\WebBase\Base_site\admin.php(13): CApplication->run()
#29 {main}
REQUEST_URI=/admin.php/
---
2014/07/23 14:36:36 [error] [exception.CException] exception 'CException' with message 'Property "LoginController._theme" is not defined.' in F:\Vanser\project\WebBase\Van_Framework\framework\base\CComponent.php:130
Stack trace:
#0 F:\Vanser\project\WebBase\Base_site\protected\admin\views\layouts\header.php(15): CComponent->__get('_theme')
#1 F:\Vanser\project\WebBase\Van_Framework\framework\web\CBaseController.php(126): require('F:\Vanser\proje...')
#2 F:\Vanser\project\WebBase\Van_Framework\framework\web\CBaseController.php(95): CBaseController->renderInternal('F:\Vanser\proje...', Array, true)
#3 F:\Vanser\project\WebBase\Van_Framework\framework\web\widgets\CContentDecorator.php(76): CBaseController->renderFile('F:\Vanser\proje...', Array, true)
#4 F:\Vanser\project\WebBase\Van_Framework\framework\web\widgets\CContentDecorator.php(54): CContentDecorator->decorate(' ??')
#5 F:\Vanser\project\WebBase\Van_Framework\framework\web\widgets\COutputProcessor.php(44): CContentDecorator->processOutput(' ??')
#6 F:\Vanser\project\WebBase\Van_Framework\framework\web\CBaseController.php(214): COutputProcessor->run()
#7 F:\Vanser\project\WebBase\Van_Framework\framework\web\CBaseController.php(308): CBaseController->endWidget('CContentDecorat...')
#8 F:\Vanser\project\WebBase\Base_site\protected\admin\views\layouts\main.php(2): CBaseController->endContent()
#9 F:\Vanser\project\WebBase\Van_Framework\framework\web\CBaseController.php(126): require('F:\Vanser\proje...')
#10 F:\Vanser\project\WebBase\Van_Framework\framework\web\CBaseController.php(95): CBaseController->renderInternal('F:\Vanser\proje...', Array, true)
#11 F:\Vanser\project\WebBase\Van_Framework\framework\web\widgets\CContentDecorator.php(76): CBaseController->renderFile('F:\Vanser\proje...', Array, true)
#12 F:\Vanser\project\WebBase\Van_Framework\framework\web\widgets\CContentDecorator.php(54): CContentDecorator->decorate('<div id="conten...')
#13 F:\Vanser\project\WebBase\Van_Framework\framework\web\widgets\COutputProcessor.php(44): CContentDecorator->processOutput('<div id="conten...')
#14 F:\Vanser\project\WebBase\Van_Framework\framework\web\CBaseController.php(214): COutputProcessor->run()
#15 F:\Vanser\project\WebBase\Van_Framework\framework\web\CBaseController.php(308): CBaseController->endWidget('CContentDecorat...')
#16 F:\Vanser\project\WebBase\Base_site\protected\admin\views\layouts\column1.php(6): CBaseController->endContent()
#17 F:\Vanser\project\WebBase\Van_Framework\framework\web\CBaseController.php(126): require('F:\Vanser\proje...')
#18 F:\Vanser\project\WebBase\Van_Framework\framework\web\CBaseController.php(95): CBaseController->renderInternal('F:\Vanser\proje...', Array, true)
#19 F:\Vanser\project\WebBase\Van_Framework\framework\web\CController.php(784): CBaseController->renderFile('F:\Vanser\proje...', Array, true)
#20 F:\Vanser\project\WebBase\Base_site\protected\admin\controllers\LoginController.php(7): CController->render('index')
#21 F:\Vanser\project\WebBase\Van_Framework\framework\web\actions\CInlineAction.php(49): LoginController->actionIndex()
#22 F:\Vanser\project\WebBase\Van_Framework\framework\web\CController.php(308): CInlineAction->runWithParams(Array)
#23 F:\Vanser\project\WebBase\Van_Framework\framework\web\CController.php(286): CController->runAction(Object(CInlineAction))
#24 F:\Vanser\project\WebBase\Van_Framework\framework\web\CController.php(265): CController->runActionWithFilters(Object(CInlineAction), Array)
#25 F:\Vanser\project\WebBase\Van_Framework\framework\web\CWebApplication.php(282): CController->run('')
#26 F:\Vanser\project\WebBase\Van_Framework\framework\web\CWebApplication.php(141): CWebApplication->runController('')
#27 F:\Vanser\project\WebBase\Van_Framework\framework\base\CApplication.php(184): CWebApplication->processRequest()
#28 F:\Vanser\project\WebBase\Base_site\admin.php(13): CApplication->run()
#29 {main}
REQUEST_URI=/admin.php/
---
2014/07/23 14:36:37 [error] [exception.CException] exception 'CException' with message 'Property "LoginController._theme" is not defined.' in F:\Vanser\project\WebBase\Van_Framework\framework\base\CComponent.php:130
Stack trace:
#0 F:\Vanser\project\WebBase\Base_site\protected\admin\views\layouts\header.php(15): CComponent->__get('_theme')
#1 F:\Vanser\project\WebBase\Van_Framework\framework\web\CBaseController.php(126): require('F:\Vanser\proje...')
#2 F:\Vanser\project\WebBase\Van_Framework\framework\web\CBaseController.php(95): CBaseController->renderInternal('F:\Vanser\proje...', Array, true)
#3 F:\Vanser\project\WebBase\Van_Framework\framework\web\widgets\CContentDecorator.php(76): CBaseController->renderFile('F:\Vanser\proje...', Array, true)
#4 F:\Vanser\project\WebBase\Van_Framework\framework\web\widgets\CContentDecorator.php(54): CContentDecorator->decorate(' ??')
#5 F:\Vanser\project\WebBase\Van_Framework\framework\web\widgets\COutputProcessor.php(44): CContentDecorator->processOutput(' ??')
#6 F:\Vanser\project\WebBase\Van_Framework\framework\web\CBaseController.php(214): COutputProcessor->run()
#7 F:\Vanser\project\WebBase\Van_Framework\framework\web\CBaseController.php(308): CBaseController->endWidget('CContentDecorat...')
#8 F:\Vanser\project\WebBase\Base_site\protected\admin\views\layouts\main.php(2): CBaseController->endContent()
#9 F:\Vanser\project\WebBase\Van_Framework\framework\web\CBaseController.php(126): require('F:\Vanser\proje...')
#10 F:\Vanser\project\WebBase\Van_Framework\framework\web\CBaseController.php(95): CBaseController->renderInternal('F:\Vanser\proje...', Array, true)
#11 F:\Vanser\project\WebBase\Van_Framework\framework\web\widgets\CContentDecorator.php(76): CBaseController->renderFile('F:\Vanser\proje...', Array, true)
#12 F:\Vanser\project\WebBase\Van_Framework\framework\web\widgets\CContentDecorator.php(54): CContentDecorator->decorate('<div id="conten...')
#13 F:\Vanser\project\WebBase\Van_Framework\framework\web\widgets\COutputProcessor.php(44): CContentDecorator->processOutput('<div id="conten...')
#14 F:\Vanser\project\WebBase\Van_Framework\framework\web\CBaseController.php(214): COutputProcessor->run()
#15 F:\Vanser\project\WebBase\Van_Framework\framework\web\CBaseController.php(308): CBaseController->endWidget('CContentDecorat...')
#16 F:\Vanser\project\WebBase\Base_site\protected\admin\views\layouts\column1.php(6): CBaseController->endContent()
#17 F:\Vanser\project\WebBase\Van_Framework\framework\web\CBaseController.php(126): require('F:\Vanser\proje...')
#18 F:\Vanser\project\WebBase\Van_Framework\framework\web\CBaseController.php(95): CBaseController->renderInternal('F:\Vanser\proje...', Array, true)
#19 F:\Vanser\project\WebBase\Van_Framework\framework\web\CController.php(784): CBaseController->renderFile('F:\Vanser\proje...', Array, true)
#20 F:\Vanser\project\WebBase\Base_site\protected\admin\controllers\LoginController.php(7): CController->render('index')
#21 F:\Vanser\project\WebBase\Van_Framework\framework\web\actions\CInlineAction.php(49): LoginController->actionIndex()
#22 F:\Vanser\project\WebBase\Van_Framework\framework\web\CController.php(308): CInlineAction->runWithParams(Array)
#23 F:\Vanser\project\WebBase\Van_Framework\framework\web\CController.php(286): CController->runAction(Object(CInlineAction))
#24 F:\Vanser\project\WebBase\Van_Framework\framework\web\CController.php(265): CController->runActionWithFilters(Object(CInlineAction), Array)
#25 F:\Vanser\project\WebBase\Van_Framework\framework\web\CWebApplication.php(282): CController->run('')
#26 F:\Vanser\project\WebBase\Van_Framework\framework\web\CWebApplication.php(141): CWebApplication->runController('')
#27 F:\Vanser\project\WebBase\Van_Framework\framework\base\CApplication.php(184): CWebApplication->processRequest()
#28 F:\Vanser\project\WebBase\Base_site\admin.php(13): CApplication->run()
#29 {main}
REQUEST_URI=/admin.php/
---
2014/07/23 14:37:48 [error] [exception.CException] exception 'CException' with message 'Property "LoginController._theme" is not defined.' in F:\Vanser\project\WebBase\Van_Framework\framework\base\CComponent.php:130
Stack trace:
#0 F:\Vanser\project\WebBase\Base_site\protected\admin\views\layouts\header.php(15): CComponent->__get('_theme')
#1 F:\Vanser\project\WebBase\Van_Framework\framework\web\CBaseController.php(126): require('F:\Vanser\proje...')
#2 F:\Vanser\project\WebBase\Van_Framework\framework\web\CBaseController.php(95): CBaseController->renderInternal('F:\Vanser\proje...', Array, true)
#3 F:\Vanser\project\WebBase\Van_Framework\framework\web\widgets\CContentDecorator.php(76): CBaseController->renderFile('F:\Vanser\proje...', Array, true)
#4 F:\Vanser\project\WebBase\Van_Framework\framework\web\widgets\CContentDecorator.php(54): CContentDecorator->decorate(' ??')
#5 F:\Vanser\project\WebBase\Van_Framework\framework\web\widgets\COutputProcessor.php(44): CContentDecorator->processOutput(' ??')
#6 F:\Vanser\project\WebBase\Van_Framework\framework\web\CBaseController.php(214): COutputProcessor->run()
#7 F:\Vanser\project\WebBase\Van_Framework\framework\web\CBaseController.php(308): CBaseController->endWidget('CContentDecorat...')
#8 F:\Vanser\project\WebBase\Base_site\protected\admin\views\layouts\main.php(2): CBaseController->endContent()
#9 F:\Vanser\project\WebBase\Van_Framework\framework\web\CBaseController.php(126): require('F:\Vanser\proje...')
#10 F:\Vanser\project\WebBase\Van_Framework\framework\web\CBaseController.php(95): CBaseController->renderInternal('F:\Vanser\proje...', Array, true)
#11 F:\Vanser\project\WebBase\Van_Framework\framework\web\widgets\CContentDecorator.php(76): CBaseController->renderFile('F:\Vanser\proje...', Array, true)
#12 F:\Vanser\project\WebBase\Van_Framework\framework\web\widgets\CContentDecorator.php(54): CContentDecorator->decorate('<div id="conten...')
#13 F:\Vanser\project\WebBase\Van_Framework\framework\web\widgets\COutputProcessor.php(44): CContentDecorator->processOutput('<div id="conten...')
#14 F:\Vanser\project\WebBase\Van_Framework\framework\web\CBaseController.php(214): COutputProcessor->run()
#15 F:\Vanser\project\WebBase\Van_Framework\framework\web\CBaseController.php(308): CBaseController->endWidget('CContentDecorat...')
#16 F:\Vanser\project\WebBase\Base_site\protected\admin\views\layouts\column1.php(6): CBaseController->endContent()
#17 F:\Vanser\project\WebBase\Van_Framework\framework\web\CBaseController.php(126): require('F:\Vanser\proje...')
#18 F:\Vanser\project\WebBase\Van_Framework\framework\web\CBaseController.php(95): CBaseController->renderInternal('F:\Vanser\proje...', Array, true)
#19 F:\Vanser\project\WebBase\Van_Framework\framework\web\CController.php(784): CBaseController->renderFile('F:\Vanser\proje...', Array, true)
#20 F:\Vanser\project\WebBase\Base_site\protected\admin\controllers\LoginController.php(7): CController->render('index')
#21 F:\Vanser\project\WebBase\Van_Framework\framework\web\actions\CInlineAction.php(49): LoginController->actionIndex()
#22 F:\Vanser\project\WebBase\Van_Framework\framework\web\CController.php(308): CInlineAction->runWithParams(Array)
#23 F:\Vanser\project\WebBase\Van_Framework\framework\web\CController.php(286): CController->runAction(Object(CInlineAction))
#24 F:\Vanser\project\WebBase\Van_Framework\framework\web\CController.php(265): CController->runActionWithFilters(Object(CInlineAction), Array)
#25 F:\Vanser\project\WebBase\Van_Framework\framework\web\CWebApplication.php(282): CController->run('')
#26 F:\Vanser\project\WebBase\Van_Framework\framework\web\CWebApplication.php(141): CWebApplication->runController('')
#27 F:\Vanser\project\WebBase\Van_Framework\framework\base\CApplication.php(184): CWebApplication->processRequest()
#28 F:\Vanser\project\WebBase\Base_site\admin.php(13): CApplication->run()
#29 {main}
REQUEST_URI=/admin.php/
---
2014/07/23 14:37:48 [error] [exception.CException] exception 'CException' with message 'Property "LoginController._theme" is not defined.' in F:\Vanser\project\WebBase\Van_Framework\framework\base\CComponent.php:130
Stack trace:
#0 F:\Vanser\project\WebBase\Base_site\protected\admin\views\layouts\header.php(15): CComponent->__get('_theme')
#1 F:\Vanser\project\WebBase\Van_Framework\framework\web\CBaseController.php(126): require('F:\Vanser\proje...')
#2 F:\Vanser\project\WebBase\Van_Framework\framework\web\CBaseController.php(95): CBaseController->renderInternal('F:\Vanser\proje...', Array, true)
#3 F:\Vanser\project\WebBase\Van_Framework\framework\web\widgets\CContentDecorator.php(76): CBaseController->renderFile('F:\Vanser\proje...', Array, true)
#4 F:\Vanser\project\WebBase\Van_Framework\framework\web\widgets\CContentDecorator.php(54): CContentDecorator->decorate(' ??')
#5 F:\Vanser\project\WebBase\Van_Framework\framework\web\widgets\COutputProcessor.php(44): CContentDecorator->processOutput(' ??')
#6 F:\Vanser\project\WebBase\Van_Framework\framework\web\CBaseController.php(214): COutputProcessor->run()
#7 F:\Vanser\project\WebBase\Van_Framework\framework\web\CBaseController.php(308): CBaseController->endWidget('CContentDecorat...')
#8 F:\Vanser\project\WebBase\Base_site\protected\admin\views\layouts\main.php(2): CBaseController->endContent()
#9 F:\Vanser\project\WebBase\Van_Framework\framework\web\CBaseController.php(126): require('F:\Vanser\proje...')
#10 F:\Vanser\project\WebBase\Van_Framework\framework\web\CBaseController.php(95): CBaseController->renderInternal('F:\Vanser\proje...', Array, true)
#11 F:\Vanser\project\WebBase\Van_Framework\framework\web\widgets\CContentDecorator.php(76): CBaseController->renderFile('F:\Vanser\proje...', Array, true)
#12 F:\Vanser\project\WebBase\Van_Framework\framework\web\widgets\CContentDecorator.php(54): CContentDecorator->decorate('<div id="conten...')
#13 F:\Vanser\project\WebBase\Van_Framework\framework\web\widgets\COutputProcessor.php(44): CContentDecorator->processOutput('<div id="conten...')
#14 F:\Vanser\project\WebBase\Van_Framework\framework\web\CBaseController.php(214): COutputProcessor->run()
#15 F:\Vanser\project\WebBase\Van_Framework\framework\web\CBaseController.php(308): CBaseController->endWidget('CContentDecorat...')
#16 F:\Vanser\project\WebBase\Base_site\protected\admin\views\layouts\column1.php(6): CBaseController->endContent()
#17 F:\Vanser\project\WebBase\Van_Framework\framework\web\CBaseController.php(126): require('F:\Vanser\proje...')
#18 F:\Vanser\project\WebBase\Van_Framework\framework\web\CBaseController.php(95): CBaseController->renderInternal('F:\Vanser\proje...', Array, true)
#19 F:\Vanser\project\WebBase\Van_Framework\framework\web\CController.php(784): CBaseController->renderFile('F:\Vanser\proje...', Array, true)
#20 F:\Vanser\project\WebBase\Base_site\protected\admin\controllers\LoginController.php(7): CController->render('index')
#21 F:\Vanser\project\WebBase\Van_Framework\framework\web\actions\CInlineAction.php(49): LoginController->actionIndex()
#22 F:\Vanser\project\WebBase\Van_Framework\framework\web\CController.php(308): CInlineAction->runWithParams(Array)
#23 F:\Vanser\project\WebBase\Van_Framework\framework\web\CController.php(286): CController->runAction(Object(CInlineAction))
#24 F:\Vanser\project\WebBase\Van_Framework\framework\web\CController.php(265): CController->runActionWithFilters(Object(CInlineAction), Array)
#25 F:\Vanser\project\WebBase\Van_Framework\framework\web\CWebApplication.php(282): CController->run('')
#26 F:\Vanser\project\WebBase\Van_Framework\framework\web\CWebApplication.php(141): CWebApplication->runController('')
#27 F:\Vanser\project\WebBase\Van_Framework\framework\base\CApplication.php(184): CWebApplication->processRequest()
#28 F:\Vanser\project\WebBase\Base_site\admin.php(13): CApplication->run()
#29 {main}
REQUEST_URI=/admin.php/
---
2014/07/23 14:37:50 [error] [exception.CException] exception 'CException' with message 'Property "LoginController._theme" is not defined.' in F:\Vanser\project\WebBase\Van_Framework\framework\base\CComponent.php:130
Stack trace:
#0 F:\Vanser\project\WebBase\Base_site\protected\admin\views\layouts\header.php(15): CComponent->__get('_theme')
#1 F:\Vanser\project\WebBase\Van_Framework\framework\web\CBaseController.php(126): require('F:\Vanser\proje...')
#2 F:\Vanser\project\WebBase\Van_Framework\framework\web\CBaseController.php(95): CBaseController->renderInternal('F:\Vanser\proje...', Array, true)
#3 F:\Vanser\project\WebBase\Van_Framework\framework\web\widgets\CContentDecorator.php(76): CBaseController->renderFile('F:\Vanser\proje...', Array, true)
#4 F:\Vanser\project\WebBase\Van_Framework\framework\web\widgets\CContentDecorator.php(54): CContentDecorator->decorate(' ??')
#5 F:\Vanser\project\WebBase\Van_Framework\framework\web\widgets\COutputProcessor.php(44): CContentDecorator->processOutput(' ??')
#6 F:\Vanser\project\WebBase\Van_Framework\framework\web\CBaseController.php(214): COutputProcessor->run()
#7 F:\Vanser\project\WebBase\Van_Framework\framework\web\CBaseController.php(308): CBaseController->endWidget('CContentDecorat...')
#8 F:\Vanser\project\WebBase\Base_site\protected\admin\views\layouts\main.php(2): CBaseController->endContent()
#9 F:\Vanser\project\WebBase\Van_Framework\framework\web\CBaseController.php(126): require('F:\Vanser\proje...')
#10 F:\Vanser\project\WebBase\Van_Framework\framework\web\CBaseController.php(95): CBaseController->renderInternal('F:\Vanser\proje...', Array, true)
#11 F:\Vanser\project\WebBase\Van_Framework\framework\web\widgets\CContentDecorator.php(76): CBaseController->renderFile('F:\Vanser\proje...', Array, true)
#12 F:\Vanser\project\WebBase\Van_Framework\framework\web\widgets\CContentDecorator.php(54): CContentDecorator->decorate('<div id="conten...')
#13 F:\Vanser\project\WebBase\Van_Framework\framework\web\widgets\COutputProcessor.php(44): CContentDecorator->processOutput('<div id="conten...')
#14 F:\Vanser\project\WebBase\Van_Framework\framework\web\CBaseController.php(214): COutputProcessor->run()
#15 F:\Vanser\project\WebBase\Van_Framework\framework\web\CBaseController.php(308): CBaseController->endWidget('CContentDecorat...')
#16 F:\Vanser\project\WebBase\Base_site\protected\admin\views\layouts\column1.php(6): CBaseController->endContent()
#17 F:\Vanser\project\WebBase\Van_Framework\framework\web\CBaseController.php(126): require('F:\Vanser\proje...')
#18 F:\Vanser\project\WebBase\Van_Framework\framework\web\CBaseController.php(95): CBaseController->renderInternal('F:\Vanser\proje...', Array, true)
#19 F:\Vanser\project\WebBase\Van_Framework\framework\web\CController.php(784): CBaseController->renderFile('F:\Vanser\proje...', Array, true)
#20 F:\Vanser\project\WebBase\Base_site\protected\admin\controllers\LoginController.php(7): CController->render('index')
#21 F:\Vanser\project\WebBase\Van_Framework\framework\web\actions\CInlineAction.php(49): LoginController->actionIndex()
#22 F:\Vanser\project\WebBase\Van_Framework\framework\web\CController.php(308): CInlineAction->runWithParams(Array)
#23 F:\Vanser\project\WebBase\Van_Framework\framework\web\CController.php(286): CController->runAction(Object(CInlineAction))
#24 F:\Vanser\project\WebBase\Van_Framework\framework\web\CController.php(265): CController->runActionWithFilters(Object(CInlineAction), Array)
#25 F:\Vanser\project\WebBase\Van_Framework\framework\web\CWebApplication.php(282): CController->run('')
#26 F:\Vanser\project\WebBase\Van_Framework\framework\web\CWebApplication.php(141): CWebApplication->runController('')
#27 F:\Vanser\project\WebBase\Van_Framework\framework\base\CApplication.php(184): CWebApplication->processRequest()
#28 F:\Vanser\project\WebBase\Base_site\admin.php(13): CApplication->run()
#29 {main}
REQUEST_URI=/admin.php/
---
2014/07/23 14:38:00 [error] [exception.CException] exception 'CException' with message 'Property "LoginController._theme" is not defined.' in F:\Vanser\project\WebBase\Van_Framework\framework\base\CComponent.php:130
Stack trace:
#0 F:\Vanser\project\WebBase\Base_site\protected\admin\views\layouts\header.php(15): CComponent->__get('_theme')
#1 F:\Vanser\project\WebBase\Van_Framework\framework\web\CBaseController.php(126): require('F:\Vanser\proje...')
#2 F:\Vanser\project\WebBase\Van_Framework\framework\web\CBaseController.php(95): CBaseController->renderInternal('F:\Vanser\proje...', Array, true)
#3 F:\Vanser\project\WebBase\Van_Framework\framework\web\widgets\CContentDecorator.php(76): CBaseController->renderFile('F:\Vanser\proje...', Array, true)
#4 F:\Vanser\project\WebBase\Van_Framework\framework\web\widgets\CContentDecorator.php(54): CContentDecorator->decorate(' ??')
#5 F:\Vanser\project\WebBase\Van_Framework\framework\web\widgets\COutputProcessor.php(44): CContentDecorator->processOutput(' ??')
#6 F:\Vanser\project\WebBase\Van_Framework\framework\web\CBaseController.php(214): COutputProcessor->run()
#7 F:\Vanser\project\WebBase\Van_Framework\framework\web\CBaseController.php(308): CBaseController->endWidget('CContentDecorat...')
#8 F:\Vanser\project\WebBase\Base_site\protected\admin\views\layouts\main.php(2): CBaseController->endContent()
#9 F:\Vanser\project\WebBase\Van_Framework\framework\web\CBaseController.php(126): require('F:\Vanser\proje...')
#10 F:\Vanser\project\WebBase\Van_Framework\framework\web\CBaseController.php(95): CBaseController->renderInternal('F:\Vanser\proje...', Array, true)
#11 F:\Vanser\project\WebBase\Van_Framework\framework\web\widgets\CContentDecorator.php(76): CBaseController->renderFile('F:\Vanser\proje...', Array, true)
#12 F:\Vanser\project\WebBase\Van_Framework\framework\web\widgets\CContentDecorator.php(54): CContentDecorator->decorate('<div id="conten...')
#13 F:\Vanser\project\WebBase\Van_Framework\framework\web\widgets\COutputProcessor.php(44): CContentDecorator->processOutput('<div id="conten...')
#14 F:\Vanser\project\WebBase\Van_Framework\framework\web\CBaseController.php(214): COutputProcessor->run()
#15 F:\Vanser\project\WebBase\Van_Framework\framework\web\CBaseController.php(308): CBaseController->endWidget('CContentDecorat...')
#16 F:\Vanser\project\WebBase\Base_site\protected\admin\views\layouts\column1.php(6): CBaseController->endContent()
#17 F:\Vanser\project\WebBase\Van_Framework\framework\web\CBaseController.php(126): require('F:\Vanser\proje...')
#18 F:\Vanser\project\WebBase\Van_Framework\framework\web\CBaseController.php(95): CBaseController->renderInternal('F:\Vanser\proje...', Array, true)
#19 F:\Vanser\project\WebBase\Van_Framework\framework\web\CController.php(784): CBaseController->renderFile('F:\Vanser\proje...', Array, true)
#20 F:\Vanser\project\WebBase\Base_site\protected\admin\controllers\LoginController.php(7): CController->render('index')
#21 F:\Vanser\project\WebBase\Van_Framework\framework\web\actions\CInlineAction.php(49): LoginController->actionIndex()
#22 F:\Vanser\project\WebBase\Van_Framework\framework\web\CController.php(308): CInlineAction->runWithParams(Array)
#23 F:\Vanser\project\WebBase\Van_Framework\framework\web\CController.php(286): CController->runAction(Object(CInlineAction))
#24 F:\Vanser\project\WebBase\Van_Framework\framework\web\CController.php(265): CController->runActionWithFilters(Object(CInlineAction), Array)
#25 F:\Vanser\project\WebBase\Van_Framework\framework\web\CWebApplication.php(282): CController->run('')
#26 F:\Vanser\project\WebBase\Van_Framework\framework\web\CWebApplication.php(141): CWebApplication->runController('')
#27 F:\Vanser\project\WebBase\Van_Framework\framework\base\CApplication.php(184): CWebApplication->processRequest()
#28 F:\Vanser\project\WebBase\Base_site\admin.php(13): CApplication->run()
#29 {main}
REQUEST_URI=/admin.php/
---
2014/07/23 14:38:38 [error] [php] include(VZ_Base.php): failed to open stream: No such file or directory (F:\Vanser\project\WebBase\Van_Framework\framework\YiiBase.php:432)
Stack trace:
#0 F:\Vanser\project\WebBase\Base_site\protected\admin\controllers\AdminController.php(4): spl_autoload_call()
#1 F:\Vanser\project\WebBase\Van_Framework\framework\web\CWebApplication.php(354): require()
#2 F:\Vanser\project\WebBase\Van_Framework\framework\web\CWebApplication.php(276): CWebApplication->createController()
#3 F:\Vanser\project\WebBase\Van_Framework\framework\web\CWebApplication.php(141): CWebApplication->runController()
#4 F:\Vanser\project\WebBase\Van_Framework\framework\base\CApplication.php(184): CWebApplication->processRequest()
#5 F:\Vanser\project\WebBase\Base_site\admin.php(13): CWebApplication->run()
REQUEST_URI=/admin.php/
in F:\Vanser\project\WebBase\Base_site\protected\admin\controllers\AdminController.php (4)
in F:\Vanser\project\WebBase\Base_site\admin.php (13)
2014/07/23 14:40:10 [error] [exception.CException] exception 'CException' with message 'Property "AdminController._theme" is not defined.' in F:\Vanser\project\WebBase\Van_Framework\framework\base\CComponent.php:130
Stack trace:
#0 F:\Vanser\project\WebBase\Base_site\protected\admin\views\layouts\header.php(15): CComponent->__get('_theme')
#1 F:\Vanser\project\WebBase\Van_Framework\framework\web\CBaseController.php(126): require('F:\Vanser\proje...')
#2 F:\Vanser\project\WebBase\Van_Framework\framework\web\CBaseController.php(95): CBaseController->renderInternal('F:\Vanser\proje...', Array, true)
#3 F:\Vanser\project\WebBase\Van_Framework\framework\web\widgets\CContentDecorator.php(76): CBaseController->renderFile('F:\Vanser\proje...', Array, true)
#4 F:\Vanser\project\WebBase\Van_Framework\framework\web\widgets\CContentDecorator.php(54): CContentDecorator->decorate(' ??')
#5 F:\Vanser\project\WebBase\Van_Framework\framework\web\widgets\COutputProcessor.php(44): CContentDecorator->processOutput(' ??')
#6 F:\Vanser\project\WebBase\Van_Framework\framework\web\CBaseController.php(214): COutputProcessor->run()
#7 F:\Vanser\project\WebBase\Van_Framework\framework\web\CBaseController.php(308): CBaseController->endWidget('CContentDecorat...')
#8 F:\Vanser\project\WebBase\Base_site\protected\admin\views\layouts\main.php(2): CBaseController->endContent()
#9 F:\Vanser\project\WebBase\Van_Framework\framework\web\CBaseController.php(126): require('F:\Vanser\proje...')
#10 F:\Vanser\project\WebBase\Van_Framework\framework\web\CBaseController.php(95): CBaseController->renderInternal('F:\Vanser\proje...', Array, true)
#11 F:\Vanser\project\WebBase\Van_Framework\framework\web\widgets\CContentDecorator.php(76): CBaseController->renderFile('F:\Vanser\proje...', Array, true)
#12 F:\Vanser\project\WebBase\Van_Framework\framework\web\widgets\CContentDecorator.php(54): CContentDecorator->decorate('<div id="conten...')
#13 F:\Vanser\project\WebBase\Van_Framework\framework\web\widgets\COutputProcessor.php(44): CContentDecorator->processOutput('<div id="conten...')
#14 F:\Vanser\project\WebBase\Van_Framework\framework\web\CBaseController.php(214): COutputProcessor->run()
#15 F:\Vanser\project\WebBase\Van_Framework\framework\web\CBaseController.php(308): CBaseController->endWidget('CContentDecorat...')
#16 F:\Vanser\project\WebBase\Base_site\protected\admin\views\layouts\column1.php(6): CBaseController->endContent()
#17 F:\Vanser\project\WebBase\Van_Framework\framework\web\CBaseController.php(126): require('F:\Vanser\proje...')
#18 F:\Vanser\project\WebBase\Van_Framework\framework\web\CBaseController.php(95): CBaseController->renderInternal('F:\Vanser\proje...', Array, true)
#19 F:\Vanser\project\WebBase\Van_Framework\framework\web\CController.php(784): CBaseController->renderFile('F:\Vanser\proje...', Array, true)
#20 F:\Vanser\project\WebBase\Base_site\protected\admin\controllers\AdminController.php(7): CController->render('index')
#21 F:\Vanser\project\WebBase\Van_Framework\framework\web\actions\CInlineAction.php(49): AdminController->actionIndex()
#22 F:\Vanser\project\WebBase\Van_Framework\framework\web\CController.php(308): CInlineAction->runWithParams(Array)
#23 F:\Vanser\project\WebBase\Van_Framework\framework\web\CController.php(286): CController->runAction(Object(CInlineAction))
#24 F:\Vanser\project\WebBase\Van_Framework\framework\web\CController.php(265): CController->runActionWithFilters(Object(CInlineAction), Array)
#25 F:\Vanser\project\WebBase\Van_Framework\framework\web\CWebApplication.php(282): CController->run('')
#26 F:\Vanser\project\WebBase\Van_Framework\framework\web\CWebApplication.php(141): CWebApplication->runController('')
#27 F:\Vanser\project\WebBase\Van_Framework\framework\base\CApplication.php(184): CWebApplication->processRequest()
#28 F:\Vanser\project\WebBase\Base_site\admin.php(13): CApplication->run()
#29 {main}
REQUEST_URI=/admin.php/
---
2014/07/23 14:40:12 [error] [exception.CException] exception 'CException' with message 'Property "AdminController._theme" is not defined.' in F:\Vanser\project\WebBase\Van_Framework\framework\base\CComponent.php:130
Stack trace:
#0 F:\Vanser\project\WebBase\Base_site\protected\admin\views\layouts\header.php(15): CComponent->__get('_theme')
#1 F:\Vanser\project\WebBase\Van_Framework\framework\web\CBaseController.php(126): require('F:\Vanser\proje...')
#2 F:\Vanser\project\WebBase\Van_Framework\framework\web\CBaseController.php(95): CBaseController->renderInternal('F:\Vanser\proje...', Array, true)
#3 F:\Vanser\project\WebBase\Van_Framework\framework\web\widgets\CContentDecorator.php(76): CBaseController->renderFile('F:\Vanser\proje...', Array, true)
#4 F:\Vanser\project\WebBase\Van_Framework\framework\web\widgets\CContentDecorator.php(54): CContentDecorator->decorate(' ??')
#5 F:\Vanser\project\WebBase\Van_Framework\framework\web\widgets\COutputProcessor.php(44): CContentDecorator->processOutput(' ??')
#6 F:\Vanser\project\WebBase\Van_Framework\framework\web\CBaseController.php(214): COutputProcessor->run()
#7 F:\Vanser\project\WebBase\Van_Framework\framework\web\CBaseController.php(308): CBaseController->endWidget('CContentDecorat...')
#8 F:\Vanser\project\WebBase\Base_site\protected\admin\views\layouts\main.php(2): CBaseController->endContent()
#9 F:\Vanser\project\WebBase\Van_Framework\framework\web\CBaseController.php(126): require('F:\Vanser\proje...')
#10 F:\Vanser\project\WebBase\Van_Framework\framework\web\CBaseController.php(95): CBaseController->renderInternal('F:\Vanser\proje...', Array, true)
#11 F:\Vanser\project\WebBase\Van_Framework\framework\web\widgets\CContentDecorator.php(76): CBaseController->renderFile('F:\Vanser\proje...', Array, true)
#12 F:\Vanser\project\WebBase\Van_Framework\framework\web\widgets\CContentDecorator.php(54): CContentDecorator->decorate('<div id="conten...')
#13 F:\Vanser\project\WebBase\Van_Framework\framework\web\widgets\COutputProcessor.php(44): CContentDecorator->processOutput('<div id="conten...')
#14 F:\Vanser\project\WebBase\Van_Framework\framework\web\CBaseController.php(214): COutputProcessor->run()
#15 F:\Vanser\project\WebBase\Van_Framework\framework\web\CBaseController.php(308): CBaseController->endWidget('CContentDecorat...')
#16 F:\Vanser\project\WebBase\Base_site\protected\admin\views\layouts\column1.php(6): CBaseController->endContent()
#17 F:\Vanser\project\WebBase\Van_Framework\framework\web\CBaseController.php(126): require('F:\Vanser\proje...')
#18 F:\Vanser\project\WebBase\Van_Framework\framework\web\CBaseController.php(95): CBaseController->renderInternal('F:\Vanser\proje...', Array, true)
#19 F:\Vanser\project\WebBase\Van_Framework\framework\web\CController.php(784): CBaseController->renderFile('F:\Vanser\proje...', Array, true)
#20 F:\Vanser\project\WebBase\Base_site\protected\admin\controllers\AdminController.php(7): CController->render('index')
#21 F:\Vanser\project\WebBase\Van_Framework\framework\web\actions\CInlineAction.php(49): AdminController->actionIndex()
#22 F:\Vanser\project\WebBase\Van_Framework\framework\web\CController.php(308): CInlineAction->runWithParams(Array)
#23 F:\Vanser\project\WebBase\Van_Framework\framework\web\CController.php(286): CController->runAction(Object(CInlineAction))
#24 F:\Vanser\project\WebBase\Van_Framework\framework\web\CController.php(265): CController->runActionWithFilters(Object(CInlineAction), Array)
#25 F:\Vanser\project\WebBase\Van_Framework\framework\web\CWebApplication.php(282): CController->run('')
#26 F:\Vanser\project\WebBase\Van_Framework\framework\web\CWebApplication.php(141): CWebApplication->runController('')
#27 F:\Vanser\project\WebBase\Van_Framework\framework\base\CApplication.php(184): CWebApplication->processRequest()
#28 F:\Vanser\project\WebBase\Base_site\admin.php(13): CApplication->run()
#29 {main}
REQUEST_URI=/admin.php/
---
2014/07/23 14:40:49 [error] [exception.CHttpException.404] exception 'CHttpException' with message 'Unable to resolve the request "favicon.ico".' in F:\Vanser\project\WebBase\Van_Framework\framework\web\CWebApplication.php:286
Stack trace:
#0 F:\Vanser\project\WebBase\Van_Framework\framework\web\CWebApplication.php(141): CWebApplication->runController('favicon.ico')
#1 F:\Vanser\project\WebBase\Van_Framework\framework\base\CApplication.php(184): CWebApplication->processRequest()
#2 F:\Vanser\project\WebBase\Base_site\admin.php(13): CApplication->run()
#3 {main}
REQUEST_URI=/admin.php/favicon.ico
---
2014/07/23 14:44:41 [error] [php] include(Controller.php): failed to open stream: No such file or directory (F:\Vanser\project\WebBase\Van_Framework\framework\YiiBase.php:432)
Stack trace:
#0 F:\Vanser\project\WebBase\Base_site\protected\admin\controllers\AdminController.php(4): spl_autoload_call()
#1 F:\Vanser\project\WebBase\Van_Framework\framework\web\CWebApplication.php(354): require()
#2 F:\Vanser\project\WebBase\Van_Framework\framework\web\CWebApplication.php(276): CWebApplication->createController()
#3 F:\Vanser\project\WebBase\Van_Framework\framework\web\CWebApplication.php(141): CWebApplication->runController()
#4 F:\Vanser\project\WebBase\Van_Framework\framework\base\CApplication.php(184): CWebApplication->processRequest()
#5 F:\Vanser\project\WebBase\Base_site\admin.php(13): CWebApplication->run()
REQUEST_URI=/admin.php/
in F:\Vanser\project\WebBase\Base_site\protected\admin\controllers\AdminController.php (4)
in F:\Vanser\project\WebBase\Base_site\admin.php (13)
2014/07/23 14:44:46 [error] [php] include(Controller.php): failed to open stream: No such file or directory (F:\Vanser\project\WebBase\Van_Framework\framework\YiiBase.php:432)
Stack trace:
#0 F:\Vanser\project\WebBase\Base_site\protected\admin\controllers\AdminController.php(4): spl_autoload_call()
#1 F:\Vanser\project\WebBase\Van_Framework\framework\web\CWebApplication.php(354): require()
#2 F:\Vanser\project\WebBase\Van_Framework\framework\web\CWebApplication.php(276): CWebApplication->createController()
#3 F:\Vanser\project\WebBase\Van_Framework\framework\web\CWebApplication.php(141): CWebApplication->runController()
#4 F:\Vanser\project\WebBase\Van_Framework\framework\base\CApplication.php(184): CWebApplication->processRequest()
#5 F:\Vanser\project\WebBase\Base_site\admin.php(13): CWebApplication->run()
REQUEST_URI=/admin.php/
in F:\Vanser\project\WebBase\Base_site\protected\admin\controllers\AdminController.php (4)
in F:\Vanser\project\WebBase\Base_site\admin.php (13)
2014/07/23 14:47:12 [error] [exception.CHttpException.404] exception 'CHttpException' with message 'Unable to resolve the request "Van/Login".' in F:\Vanser\project\WebBase\Van_Framework\framework\web\CWebApplication.php:286
Stack trace:
#0 F:\Vanser\project\WebBase\Van_Framework\framework\web\CWebApplication.php(141): CWebApplication->runController('Van/Login')
#1 F:\Vanser\project\WebBase\Van_Framework\framework\base\CApplication.php(184): CWebApplication->processRequest()
#2 F:\Vanser\project\WebBase\Base_site\admin.php(13): CApplication->run()
#3 {main}
REQUEST_URI=/admin.php/Van/Login
HTTP_REFERER=http://www.basesite.com/admin.php/
---
2014/07/23 14:48:39 [error] [php] include(VZ_Base.php): failed to open stream: No such file or directory (F:\Vanser\project\WebBase\Van_Framework\framework\YiiBase.php:432)
Stack trace:
#0 F:\Vanser\project\WebBase\Base_site\protected\admin\controllers\AdminController.php(4): spl_autoload_call()
#1 F:\Vanser\project\WebBase\Van_Framework\framework\web\CWebApplication.php(354): require()
#2 F:\Vanser\project\WebBase\Van_Framework\framework\web\CWebApplication.php(276): CWebApplication->createController()
#3 F:\Vanser\project\WebBase\Van_Framework\framework\web\CWebApplication.php(141): CWebApplication->runController()
#4 F:\Vanser\project\WebBase\Van_Framework\framework\base\CApplication.php(184): CWebApplication->processRequest()
#5 F:\Vanser\project\WebBase\Base_site\admin.php(13): CWebApplication->run()
REQUEST_URI=/admin.php/
in F:\Vanser\project\WebBase\Base_site\protected\admin\controllers\AdminController.php (4)
in F:\Vanser\project\WebBase\Base_site\admin.php (13)
2014/07/23 14:48:55 [error] [php] include(VZ_Base.php): failed to open stream: No such file or directory (F:\Vanser\project\WebBase\Van_Framework\framework\YiiBase.php:432)
Stack trace:
#0 F:\Vanser\project\WebBase\Base_site\protected\admin\controllers\AdminController.php(4): spl_autoload_call()
#1 F:\Vanser\project\WebBase\Van_Framework\framework\web\CWebApplication.php(354): require()
#2 F:\Vanser\project\WebBase\Van_Framework\framework\web\CWebApplication.php(276): CWebApplication->createController()
#3 F:\Vanser\project\WebBase\Van_Framework\framework\web\CWebApplication.php(141): CWebApplication->runController()
#4 F:\Vanser\project\WebBase\Van_Framework\framework\base\CApplication.php(184): CWebApplication->processRequest()
#5 F:\Vanser\project\WebBase\Base_site\admin.php(13): CWebApplication->run()
REQUEST_URI=/admin.php/
in F:\Vanser\project\WebBase\Base_site\protected\admin\controllers\AdminController.php (4)
in F:\Vanser\project\WebBase\Base_site\admin.php (13)
2014/07/23 14:48:56 [error] [php] include(VZ_Base.php): failed to open stream: No such file or directory (F:\Vanser\project\WebBase\Van_Framework\framework\YiiBase.php:432)
Stack trace:
#0 F:\Vanser\project\WebBase\Base_site\protected\admin\controllers\AdminController.php(4): spl_autoload_call()
#1 F:\Vanser\project\WebBase\Van_Framework\framework\web\CWebApplication.php(354): require()
#2 F:\Vanser\project\WebBase\Van_Framework\framework\web\CWebApplication.php(276): CWebApplication->createController()
#3 F:\Vanser\project\WebBase\Van_Framework\framework\web\CWebApplication.php(141): CWebApplication->runController()
#4 F:\Vanser\project\WebBase\Van_Framework\framework\base\CApplication.php(184): CWebApplication->processRequest()
#5 F:\Vanser\project\WebBase\Base_site\admin.php(13): CWebApplication->run()
REQUEST_URI=/admin.php/
in F:\Vanser\project\WebBase\Base_site\protected\admin\controllers\AdminController.php (4)
in F:\Vanser\project\WebBase\Base_site\admin.php (13)
2014/07/23 14:48:58 [error] [php] include(VZ_Base.php): failed to open stream: No such file or directory (F:\Vanser\project\WebBase\Van_Framework\framework\YiiBase.php:432)
Stack trace:
#0 F:\Vanser\project\WebBase\Base_site\protected\admin\controllers\AdminController.php(4): spl_autoload_call()
#1 F:\Vanser\project\WebBase\Van_Framework\framework\web\CWebApplication.php(354): require()
#2 F:\Vanser\project\WebBase\Van_Framework\framework\web\CWebApplication.php(276): CWebApplication->createController()
#3 F:\Vanser\project\WebBase\Van_Framework\framework\web\CWebApplication.php(141): CWebApplication->runController()
#4 F:\Vanser\project\WebBase\Van_Framework\framework\base\CApplication.php(184): CWebApplication->processRequest()
#5 F:\Vanser\project\WebBase\Base_site\admin.php(13): CWebApplication->run()
REQUEST_URI=/admin.php/
in F:\Vanser\project\WebBase\Base_site\protected\admin\controllers\AdminController.php (4)
in F:\Vanser\project\WebBase\Base_site\admin.php (13)
2014/07/23 14:49:13 [error] [php] include(VZ_Base.php): failed to open stream: No such file or directory (F:\Vanser\project\WebBase\Van_Framework\framework\YiiBase.php:432)
Stack trace:
#0 F:\Vanser\project\WebBase\Base_site\protected\admin\controllers\AdminController.php(4): spl_autoload_call()
#1 F:\Vanser\project\WebBase\Van_Framework\framework\web\CWebApplication.php(354): require()
#2 F:\Vanser\project\WebBase\Van_Framework\framework\web\CWebApplication.php(276): CWebApplication->createController()
#3 F:\Vanser\project\WebBase\Van_Framework\framework\web\CWebApplication.php(141): CWebApplication->runController()
#4 F:\Vanser\project\WebBase\Van_Framework\framework\base\CApplication.php(184): CWebApplication->processRequest()
#5 F:\Vanser\project\WebBase\Base_site\admin.php(13): CWebApplication->run()
REQUEST_URI=/admin.php/
in F:\Vanser\project\WebBase\Base_site\protected\admin\controllers\AdminController.php (4)
in F:\Vanser\project\WebBase\Base_site\admin.php (13)
2014/07/23 14:49:15 [error] [php] include(VZ_Base.php): failed to open stream: No such file or directory (F:\Vanser\project\WebBase\Van_Framework\framework\YiiBase.php:432)
Stack trace:
#0 F:\Vanser\project\WebBase\Base_site\protected\admin\controllers\AdminController.php(4): spl_autoload_call()
#1 F:\Vanser\project\WebBase\Van_Framework\framework\web\CWebApplication.php(354): require()
#2 F:\Vanser\project\WebBase\Van_Framework\framework\web\CWebApplication.php(276): CWebApplication->createController()
#3 F:\Vanser\project\WebBase\Van_Framework\framework\web\CWebApplication.php(141): CWebApplication->runController()
#4 F:\Vanser\project\WebBase\Van_Framework\framework\base\CApplication.php(184): CWebApplication->processRequest()
#5 F:\Vanser\project\WebBase\Base_site\admin.php(13): CWebApplication->run()
REQUEST_URI=/admin.php/
in F:\Vanser\project\WebBase\Base_site\protected\admin\controllers\AdminController.php (4)
in F:\Vanser\project\WebBase\Base_site\admin.php (13)
2014/07/23 14:54:30 [error] [exception.CHttpException.404] exception 'CHttpException' with message 'Unable to resolve the request "img/logo.png".' in F:\Vanser\project\WebBase\Van_Framework\framework\web\CWebApplication.php:286
Stack trace:
#0 F:\Vanser\project\WebBase\Van_Framework\framework\web\CWebApplication.php(141): CWebApplication->runController('img/logo.png')
#1 F:\Vanser\project\WebBase\Van_Framework\framework\base\CApplication.php(184): CWebApplication->processRequest()
#2 F:\Vanser\project\WebBase\Base_site\admin.php(13): CApplication->run()
#3 {main}
REQUEST_URI=/admin.php/img/logo.png
HTTP_REFERER=http://www.basesite.com/admin.php/login
---
2014/07/23 15:02:07 [error] [php] Undefined variable: questions (F:\Vanser\project\WebBase\Base_site\protected\admin\controllers\AdminController.php:8)
Stack trace:
#0 F:\Vanser\project\WebBase\Van_Framework\framework\web\CController.php(286): AdminController->runAction()
#1 F:\Vanser\project\WebBase\Van_Framework\framework\web\CController.php(265): AdminController->runActionWithFilters()
#2 F:\Vanser\project\WebBase\Van_Framework\framework\web\CWebApplication.php(282): AdminController->run()
#3 F:\Vanser\project\WebBase\Van_Framework\framework\web\CWebApplication.php(141): CWebApplication->runController()
#4 F:\Vanser\project\WebBase\Van_Framework\framework\base\CApplication.php(184): CWebApplication->processRequest()
#5 F:\Vanser\project\WebBase\Base_site\admin.php(13): CWebApplication->run()
REQUEST_URI=/admin.php/
in F:\Vanser\project\WebBase\Base_site\protected\admin\controllers\AdminController.php (8)
in F:\Vanser\project\WebBase\Base_site\admin.php (13)
2014/07/23 15:02:11 [error] [php] Undefined variable: questions (F:\Vanser\project\WebBase\Base_site\protected\admin\controllers\AdminController.php:8)
Stack trace:
#0 F:\Vanser\project\WebBase\Van_Framework\framework\web\CController.php(286): AdminController->runAction()
#1 F:\Vanser\project\WebBase\Van_Framework\framework\web\CController.php(265): AdminController->runActionWithFilters()
#2 F:\Vanser\project\WebBase\Van_Framework\framework\web\CWebApplication.php(282): AdminController->run()
#3 F:\Vanser\project\WebBase\Van_Framework\framework\web\CWebApplication.php(141): CWebApplication->runController()
#4 F:\Vanser\project\WebBase\Van_Framework\framework\base\CApplication.php(184): CWebApplication->processRequest()
#5 F:\Vanser\project\WebBase\Base_site\admin.php(13): CWebApplication->run()
REQUEST_URI=/admin.php/
in F:\Vanser\project\WebBase\Base_site\protected\admin\controllers\AdminController.php (8)
in F:\Vanser\project\WebBase\Base_site\admin.php (13)
2014/07/23 15:03:48 [error] [exception.CHttpException.404] exception 'CHttpException' with message 'The system is unable to find the requested action "Login".' in F:\Vanser\project\WebBase\Van_Framework\framework\web\CController.php:483
Stack trace:
#0 F:\Vanser\project\WebBase\Van_Framework\framework\web\CController.php(270): CController->missingAction('Login')
#1 F:\Vanser\project\WebBase\Van_Framework\framework\web\CWebApplication.php(282): CController->run('Login')
#2 F:\Vanser\project\WebBase\Van_Framework\framework\web\CWebApplication.php(141): CWebApplication->runController('admin/Login')
#3 F:\Vanser\project\WebBase\Van_Framework\framework\base\CApplication.php(184): CWebApplication->processRequest()
#4 F:\Vanser\project\WebBase\Base_site\admin.php(13): CApplication->run()
#5 {main}
REQUEST_URI=/admin.php/admin/Login
---
2014/07/23 15:05:15 [error] [exception.CHttpException.404] exception 'CHttpException' with message 'The system is unable to find the requested action "index.html".' in F:\Vanser\project\WebBase\Van_Framework\framework\web\CController.php:483
Stack trace:
#0 F:\Vanser\project\WebBase\Van_Framework\framework\web\CController.php(270): CController->missingAction('index.html')
#1 F:\Vanser\project\WebBase\Van_Framework\framework\web\CWebApplication.php(282): CController->run('index.html')
#2 F:\Vanser\project\WebBase\Van_Framework\framework\web\CWebApplication.php(141): CWebApplication->runController('Login/index.htm...')
#3 F:\Vanser\project\WebBase\Van_Framework\framework\base\CApplication.php(184): CWebApplication->processRequest()
#4 F:\Vanser\project\WebBase\Base_site\admin.php(13): CApplication->run()
#5 {main}
REQUEST_URI=/admin.php/Login/index.html
HTTP_REFERER=http://www.basesite.com/admin.php/Login/index
---
2014/08/18 11:22:02 [error] [exception.CHttpException.404] exception 'CHttpException' with message 'Unable to resolve the request "user".' in F:\Vanser\project\WebBase\Van_Framework\framework\web\CWebApplication.php:286
Stack trace:
#0 F:\Vanser\project\WebBase\Van_Framework\framework\web\CWebApplication.php(141): CWebApplication->runController('user')
#1 F:\Vanser\project\WebBase\Van_Framework\framework\base\CApplication.php(184): CWebApplication->processRequest()
#2 F:\Vanser\project\WebBase\Base_site\admin.php(13): CApplication->run()
#3 {main}
REQUEST_URI=/admin.php/user
---
2014/08/18 11:22:27 [error] [exception.CHttpException.404] exception 'CHttpException' with message 'Unable to resolve the request "user".' in F:\Vanser\project\WebBase\Van_Framework\framework\web\CWebApplication.php:286
Stack trace:
#0 F:\Vanser\project\WebBase\Van_Framework\framework\web\CWebApplication.php(141): CWebApplication->runController('user')
#1 F:\Vanser\project\WebBase\Van_Framework\framework\base\CApplication.php(184): CWebApplication->processRequest()
#2 F:\Vanser\project\WebBase\Base_site\admin.php(13): CApplication->run()
#3 {main}
REQUEST_URI=/admin.php/user
---
2014/08/18 11:22:29 [error] [exception.CHttpException.404] exception 'CHttpException' with message 'Unable to resolve the request "user".' in F:\Vanser\project\WebBase\Van_Framework\framework\web\CWebApplication.php:286
Stack trace:
#0 F:\Vanser\project\WebBase\Van_Framework\framework\web\CWebApplication.php(141): CWebApplication->runController('user')
#1 F:\Vanser\project\WebBase\Van_Framework\framework\base\CApplication.php(184): CWebApplication->processRequest()
#2 F:\Vanser\project\WebBase\Base_site\admin.php(13): CApplication->run()
#3 {main}
REQUEST_URI=/admin.php/user
---
2014/08/18 11:22:57 [error] [exception.CHttpException.404] exception 'CHttpException' with message 'Unable to resolve the request "user".' in F:\Vanser\project\WebBase\Van_Framework\framework\web\CWebApplication.php:286
Stack trace:
#0 F:\Vanser\project\WebBase\Van_Framework\framework\web\CWebApplication.php(141): CWebApplication->runController('user')
#1 F:\Vanser\project\WebBase\Van_Framework\framework\base\CApplication.php(184): CWebApplication->processRequest()
#2 F:\Vanser\project\WebBase\Base_site\admin.php(13): CApplication->run()
#3 {main}
REQUEST_URI=/admin.php/user
---
